Microsoft (R) Macro Assembler (x64) Version 14.29.30147.0   12/14/24 01:05:29
Z:\data\docs\sgu\code\lab6.asm				     Page 1 - 1


				extrn ExitProcess :proc,
				      MessageBoxA :proc
				
 00000000			.data
 00000000 D0 90 D0 B1 D0	caption db 'Абоба', 0
	   BE D0 B1 D0 B0
	   00
 0000000B D0 93 D1 80 D0	message db 'Григорьев Данила, 251',  0
	   B8 D0 B3 D0 BE
	   D1 80 D1 8C D0
	   B5 D0 B2 20 D0
	   94 D0 B0 D0 BD
	   D0 B8 D0 BB D0
	   B0 2C 20 32 35
	   31 00
				
 00000000			.code
 00000000			mainCRTStartup proc
 00000000  48/ 83 EC 28		  sub RSP, 8*5
				
 00000004  48/ 33 C9		  xor RCX, RCX
 00000007  48/ 8D 15		  lea RDX, message
	   0000000B R
 0000000E  4C/ 8D 05		  lea R8, caption
	   00000000 R
 00000015  4D/ 33 C9		  xor R9, R9
				
 00000018  E8 00000000 E	  call MessageBoxA
				
 0000001D  48/ 33 C9		  xor RCX, RCX
				
 00000020  E8 00000000 E	  call ExitProcess
 00000025			mainCRTStartup endp
				end
Microsoft (R) Macro Assembler (x64) Version 14.29.30147.0   12/14/24 01:05:29
Z:\data\docs\sgu\code\lab6.asm				     Symbols 2 - 1




Procedures, parameters, and locals:

                N a m e                 Type     Value    Attr

mainCRTStartup . . . . . . . . .	P 	 00000000 _TEXT	Length= 00000025 Public


Symbols:

                N a m e                 Type     Value    Attr

ExitProcess  . . . . . . . . . .	L 	 00000000 External
MessageBoxA  . . . . . . . . . .	L 	 00000000 External
caption  . . . . . . . . . . . .	Byte	 00000000 _DATA	
message  . . . . . . . . . . . .	Byte	 0000000B _DATA	

	   0 Warnings
	   0 Errors
