Microsoft (R) Macro Assembler (x64) Version 14.29.30147.0   12/15/24 00:26:09
Z:\data\docs\sgu\code\lab7.asm				     Page 1 - 1


				extrn GetUserNameW : proc, GetComputerNameW : proc, GetTempPathW : proc, wsprintfW : proc, MessageBoxW : proc, ExitProcess : proc, RegGetValueW : proc
				
 = 00000010			szMAX_COMP_NAME   = 16
 = 00000100			szULEN            = 256
 = 00000105			szMAX_PATH        = 261 ;262
 = 00000040			szREVISION_NUMBER = 64
 = 00000000			ERROR_SUCCESS     = 0 
 = 00000000			NULL              = 0
 = 00000002			RRF_RT_REG_SZ     = 2
				
				
 00000000			.data
				    ; UTF-16le "Информация о системе"
 00000000 18 04 3D 04 44	    caption  db 18h, 04h, 3dh, 04h, 44h, 04h, 3eh, 04h, 40h, 04h, 3ch, 04h, 30h, 04h, 46h, 04h, 38h, 04h, 4fh, 04h, 20h, 00h, 3eh, 04h, 20h, 00h, 41h, 04h, 38h, 04h 
	   04 3E 04 40 04
	   3C 04 30 04 46
	   04 38 04 4F 04
	   20 00 3E 04 20
	   00 41 04 38 04
 0000001E  41 04 42 04 35	             db 41h, 04h, 42h, 04h, 35h, 04h, 3ch, 04h, 35h, 04h, 00h, 00h
	   04 3C 04 35 04
	   00 00
				    ; UTF-16le $'Пользователь: %s\r\nКомпьютер: %s\r\nВременная папка: %s\nВерсия ОС: %s\n'
 0000002A 1F 04 3E 04 3B	    message  db 1fh, 04h, 3eh, 04h, 3bh, 04h, 4ch, 04h, 37h, 04h, 3eh, 04h, 32h, 04h, 30h, 04h, 42h, 04h, 35h, 04h, 3bh, 04h, 4ch, 04h, 3ah, 00h, 20h, 00h, 25h, 00h
	   04 4C 04 37 04
	   3E 04 32 04 30
	   04 42 04 35 04
	   3B 04 4C 04 3A
	   00 20 00 25 00
 00000048  73 00 0D 00 0A	             db 73h, 00h, 0dh, 00h, 0ah, 00h, 1ah, 04h, 3eh, 04h, 3ch, 04h, 3fh, 04h, 4ch, 04h, 4eh, 04h, 42h, 04h, 35h, 04h, 40h, 04h, 3ah, 00h, 20h, 00h, 25h, 00h
	   00 1A 04 3E 04
	   3C 04 3F 04 4C
	   04 4E 04 42 04
	   35 04 40 04 3A
	   00 20 00 25 00
 00000066  73 00 0D 00 0A	             db 73h, 00h, 0dh, 00h, 0ah, 00h, 12h, 04h, 40h, 04h, 35h, 04h, 3ch, 04h, 35h, 04h, 3dh, 04h, 3dh, 04h, 30h, 04h, 4fh, 04h, 20h, 00h, 3fh, 04h, 30h, 04h
	   00 12 04 40 04
	   35 04 3C 04 35
	   04 3D 04 3D 04
	   30 04 4F 04 20
	   00 3F 04 30 04
 00000084  3F 04 3A 04 30	             db 3fh, 04h, 3ah, 04h, 30h, 04h, 3ah, 00h, 20h, 00h, 25h, 00h, 73h, 00h, 0ah, 00h
	   04 3A 00 20 00
	   25 00 73 00 0A
	   00
 00000094  12 04 35 04 40	             db 12h, 04h, 35h, 04h, 40h, 04h, 41h, 04h, 38h, 04h, 4fh, 04h, 20h, 00h, 1eh, 04h, 21h, 04h, 3ah, 00h, 20h, 00h, 25h, 00h, 73h, 00h, 0ah, 00h, 0ah, 00h
	   04 41 04 38 04
	   4F 04 20 00 1E
	   04 21 04 3A 00
	   20 00 25 00 73
	   00 0A 00 0A 00
 000000B2  00 00		             db 00h, 00h
				    ; UTF-16le "Ошибка"
 000000B4 1E 04 48 04 38	    error    db 1eh, 04h, 48h, 04h, 38h, 04h, 31h, 04h, 3ah, 04h, 30h, 04h
	   04 31 04 3A 04
	   30 04
 000000C0  00 00		             db 00h, 00h
				    ; UTF-16le "Не могу прочитать имя пользователя"
 000000C2 1D 04 35 04 20	    erUser   db 1dh, 04h, 35h, 04h, 20h, 00h, 3ch, 04h, 3eh, 04h, 33h, 04h, 43h, 04h, 20h, 00h, 3fh, 04h, 40h, 04h, 3eh, 04h, 47h, 04h, 38h, 04h, 42h, 04h, 30h, 04h
	   00 3C 04 3E 04
	   33 04 43 04 20
	   00 3F 04 40 04
	   3E 04 47 04 38
	   04 42 04 30 04
 000000E0  42 04 4C 04 20	             db 42h, 04h, 4ch, 04h, 20h, 00h, 38h, 04h, 3ch, 04h, 4fh, 04h, 20h, 00h, 3fh, 04h, 3eh, 04h, 3bh, 04h, 4ch, 04h, 37h, 04h, 3eh, 04h, 32h, 04h, 30h, 04h
	   00 38 04 3C 04
	   4F 04 20 00 3F
	   04 3E 04 3B 04
	   4C 04 37 04 3E
	   04 32 04 30 04
 000000FE  42 04 35 04 3B	             db 42h, 04h, 35h, 04h, 3bh, 04h, 4fh, 04h, 0ah, 00h
	   04 4F 04 0A 00
 00000108  00 00		             db 00h, 00h
				    ; UTF-16le "Не могу прочитать имя компьютера"
 0000010A 1D 04 35 04 20	    erComp   db 1dh, 04h, 35h, 04h, 20h, 00h, 3ch, 04h, 3eh, 04h, 33h, 04h, 43h, 04h, 20h, 00h, 3fh, 04h, 40h, 04h, 3eh, 04h, 47h, 04h, 38h, 04h, 42h, 04h, 30h, 04h
	   00 3C 04 3E 04
	   33 04 43 04 20
	   00 3F 04 40 04
	   3E 04 47 04 38
	   04 42 04 30 04
 00000128  42 04 4C 04 20	             db 42h, 04h, 4ch, 04h, 20h, 00h, 38h, 04h, 3ch, 04h, 4fh, 04h, 20h, 00h, 3ah, 04h, 3eh, 04h, 3ch, 04h, 3fh, 04h, 4ch, 04h, 4eh, 04h, 42h, 04h, 35h, 04h
	   00 38 04 3C 04
	   4F 04 20 00 3A
	   04 3E 04 3C 04
	   3F 04 4C 04 4E
	   04 42 04 35 04
 00000146  40 04 30 04 0A	             db 40h, 04h, 30h, 04h, 0ah, 00h
	   00
 0000014C  00 00		             db 00h, 00h
				    ; UTF-16le "Не могу найти папку временного хранилища"
 0000014E 1D 04 35 04 20	    erTemp   db 1dh, 04h, 35h, 04h, 20h, 00h, 3ch, 04h, 3eh, 04h, 33h, 04h, 43h, 04h, 20h, 00h, 3dh, 04h, 30h, 04h, 39h, 04h, 42h, 04h, 38h, 04h, 20h, 00h, 3fh, 04h
	   00 3C 04 3E 04
	   33 04 43 04 20
	   00 3D 04 30 04
	   39 04 42 04 38
	   04 20 00 3F 04
 0000016C  30 04 3F 04 3A	             db 30h, 04h, 3fh, 04h, 3ah, 04h, 43h, 04h, 20h, 00h, 32h, 04h, 40h, 04h, 35h, 04h, 3ch, 04h, 35h, 04h, 3dh, 04h, 3dh, 04h, 3eh, 04h, 33h, 04h, 3eh, 04h
	   04 43 04 20 00
	   32 04 40 04 35
	   04 3C 04 35 04
	   3D 04 3D 04 3E
	   04 33 04 3E 04
 0000018A  20 00 45 04 40	             db 20h, 00h, 45h, 04h, 40h, 04h, 30h, 04h, 3dh, 04h, 38h, 04h, 3bh, 04h, 38h, 04h, 49h, 04h, 30h, 04h, 0ah, 00h
	   04 30 04 3D 04
	   38 04 3B 04 38
	   04 49 04 30 04
	   0A 00
 000001A0  00 00		             db 00h, 00h
				    ; UTF-16le "Не могу получить версию Windows"
 000001A2 1D 04 35 04 20	    erWinver db 1dh, 04h, 35h, 04h, 20h, 00h, 3ch, 04h, 3eh, 04h, 33h, 04h, 43h, 04h, 20h, 00h, 3fh, 04h, 3eh, 04h, 3bh, 04h, 43h, 04h, 47h, 04h, 38h, 04h, 42h, 04h
	   00 3C 04 3E 04
	   33 04 43 04 20
	   00 3F 04 3E 04
	   3B 04 43 04 47
	   04 38 04 42 04
 000001C0  4C 04 20 00 32	             db 4ch, 04h, 20h, 00h, 32h, 04h, 35h, 04h, 40h, 04h, 41h, 04h, 38h, 04h, 4eh, 04h, 20h, 00h, 57h, 00h, 69h, 00h, 6eh, 00h, 64h, 00h, 6fh, 00h, 77h, 00h
	   04 35 04 40 04
	   41 04 38 04 4E
	   04 20 00 57 00
	   69 00 6E 00 64
	   00 6F 00 77 00
 000001DE  73 00 0A 00		             db 73h, 00h, 0ah, 00h
 000001E2  00 00		             db 00h, 00h
				    ; UTF-16le $'Software\\Microsoft\\Windows NT' (prefix)
 000001E4 53 00 6F 00 66	    regPath  db 53h, 00h, 6fh, 00h, 66h, 00h, 74h, 00h, 77h, 00h, 61h, 00h, 72h, 00h, 65h, 00h, 5ch, 00h, 4dh, 00h, 69h, 00h, 63h, 00h, 72h, 00h, 6fh, 00h, 73h, 00h
	   00 74 00 77 00
	   61 00 72 00 65
	   00 5C 00 4D 00
	   69 00 63 00 72
	   00 6F 00 73 00
 00000202  6F 00 66 00 74	             db 6fh, 00h, 66h, 00h, 74h, 00h, 5ch, 00h, 57h, 00h, 69h, 00h, 6eh, 00h, 64h, 00h, 6fh, 00h, 77h, 00h, 73h, 00h, 20h, 00h, 4eh, 00h, 54h, 00h, 5ch, 00h
	   00 5C 00 57 00
	   69 00 6E 00 64
	   00 6F 00 77 00
	   73 00 20 00 4E
	   00 54 00 5C 00
				    ; UTF-16le CurrentVersion
 00000220 43 00 75 00 72	    regKey   db 43h, 00h, 75h, 00h, 72h, 00h, 72h, 00h, 65h, 00h, 6eh, 00h, 74h, 00h, 56h, 00h, 65h, 00h, 72h, 00h, 73h, 00h, 69h, 00h, 6fh, 00h, 6eh, 00h
	   00 72 00 65 00
	   6E 00 74 00 56
	   00 65 00 72 00
	   73 00 69 00 6F
	   00 6E 00
 0000023C  00 00		             db 00h, 00h
				    ; HKEY_LOCAL_MACHINE
 0000023E 80000002		    hKey     dd 80000002h 
				    ; MB_ICONERROR | MB_OK
 00000242 00000010		    errFlags dd 00000010h
				
				    ; Длинные строковые переменные не локальные, чтобы избежать переполнения стека
 00000246  00000200 [		    msg      dw 512 dup (0)
	    0000
	   ]
 00000646  00000100 [		    username dw szULEN dup (0)
	    0000
	   ]
 00000846  00000010 [		    compname dw szMAX_COMP_NAME dup (0)
	    0000
	   ]
 00000866  00000105 [		    temppath dw szMAX_PATH dup (0)
	    0000
	   ]
 00000A70  00000040 [		    version  dw szREVISION_NUMBER dup (0)
	    0000
	   ]
				
 00000000			.code
 00000000			Halt proc 
 00000000  48/ 83 EC 08		    sub rsp, 8
 00000004  48/ 8B D1		    mov rdx, rcx
 00000007  48/ 33 C9		    xor rcx, rcx
 0000000A  4C/ 8D 05		    lea r8, error 
	   000000B4 R
 00000011  4D/ 33 C9		    xor r9, r9
 00000014  E8 00000000 E	    call MessageBoxW
 00000019  48/ 33 C9		    xor rcx, rcx
 0000001C  E8 00000000 E	    call ExitProcess
 00000021  48/ 83 C4 08		    add rsp, 8
 00000025			Halt endp
 00000025			mainCRTStartup proc
				    local _size:dword
 0000002D  55			    push rbp
				
 0000002E  C7 45 FC		    mov _size, szULEN
	   00000100
 00000035  48/ 8D 0D		    lea rcx, username 
	   00000646 R
 0000003C  48/ 8D 55 FC		    lea rdx, _size
 00000040  E8 00000000 E	    call GetUserNameW
 00000045  75 0C		    jnz get_compname
 00000047  48/ 8D 0D		        lea rcx, erUser
	   000000C2 R
 0000004E  E8 FFFFFFAD		        call Halt
				    
 00000053			    get_compname:
 00000053  C7 45 FC		    mov _size, szMAX_COMP_NAME
	   00000010
 0000005A  48/ 8D 0D		    lea rcx, compname 
	   00000846 R
 00000061  48/ 8D 55 FC		    lea rdx, _size 
 00000065  E8 00000000 E	    call GetComputerNameW
 0000006A  75 0C		    jnz get_temppath
 0000006C  48/ 8D 0D		        lea rcx, erComp
	   0000010A R
 00000073  E8 FFFFFF88		        call Halt
				
 00000078			    get_temppath:
 00000078  C7 45 FC		    mov _size, szMAX_PATH
	   00000105
 0000007F  48/ 8D 15		    lea rdx, temppath
	   00000866 R
				    ;lea rcx, _size
 00000086  48/ C7 C1		    mov rcx, szMAX_PATH
	   00000105
 0000008D  E8 00000000 E	    call GetTempPathW
 00000092  75 0C		    jnz get_winver 
 00000094  48/ 8D 0D		        lea rcx, erTemp
	   0000014E R
 0000009B  E8 FFFFFF60		        call Halt
				
 000000A0			    get_winver:
 000000A0  48/ 83 EC 30		    sub rsp, 30h
 000000A4  C7 45 FC		    mov _size, szREVISION_NUMBER
	   00000040
 000000AB  48/ 8D 45 FC		    lea rax, _size
 000000AF  48/ 89 44 24		    mov [rsp+30h],rax
	   30
 000000B4  48/ 8D 05		    lea rax,version
	   00000A70 R
 000000BB  48/ 89 44 24		    mov [rsp+28h],rax  
	   28
 000000C0  48/ 33 C0		    xor rax, rax
 000000C3  48/ 89 44 24		    mov [rsp+20h],rax  
	   20
 000000C8  41/ B9		    mov r9d, RRF_RT_REG_SZ
	   00000002
 000000CE  4C/ 8D 05		    lea r8, regKey
	   00000220 R
 000000D5  48/ 8D 15		    lea rdx, regPath  
	   000001E4 R
 000000DC  48/ B9		    mov rcx,0FFFFFFFF80000002h ; hKey 
	   FFFFFFFF80000002
 000000E6  E8 00000000 E	    call RegGetValueW
 000000EB  85 C0		    test eax,eax  
 000000ED  74 0C		    je output
 000000EF  48/ 8D 0D		        lea rcx, erWinver
	   000001A2 R
 000000F6  E8 FFFFFF05		        call Halt
				
 000000FB			    output:
 000000FB  48/ 83 EC 30		    sub rsp, 30h
 000000FF  48/ 8D 0D		    lea rcx, version; _temppath
	   00000A70 R
 00000106  48/ 89 4C 24		    mov [rsp + 28h], rcx
	   28
 0000010B  48/ 8D 0D		    lea rcx, temppath; _temppath
	   00000866 R
 00000112  48/ 89 4C 24		    mov [rsp + 20h], rcx
	   20
 00000117  48/ 8D 0D		    lea rcx, msg 
	   00000246 R
 0000011E  48/ 8D 15		    lea rdx, message 
	   0000002A R
 00000125  4C/ 8D 05		    lea r8, username 
	   00000646 R
 0000012C  4C/ 8D 0D		    lea r9, compname 
	   00000846 R
 00000133  E8 00000000 E	    call wsprintfW
				
 00000138  48/ 33 C9		    xor RCX, RCX
 0000013B  48/ 8D 15		    lea RDX, msg
	   00000246 R
 00000142  4C/ 8D 05		    lea R8, caption
	   00000000 R
 00000149  4D/ 33 C9		    xor R9, R9
 0000014C  E8 00000000 E	    call MessageBoxW
 00000151  48/ 33 C9		    xor RCX, RCX
 00000154  E8 00000000 E	    call ExitProcess
 00000159  5D			    pop rbp 
				    ret
 0000015C			mainCRTStartup endp
				end
Microsoft (R) Macro Assembler (x64) Version 14.29.30147.0   12/15/24 00:26:09
Z:\data\docs\sgu\code\lab7.asm				     Symbols 2 - 1




Procedures, parameters, and locals:

                N a m e                 Type     Value    Attr

Halt . . . . . . . . . . . . . .	P 	 00000000 _TEXT	Length= 00000025 Public
mainCRTStartup . . . . . . . . .	P 	 00000025 _TEXT	Length= 00000137 Public
  _size  . . . . . . . . . . . .	DWord	 rbp - 00000004
  get_compname . . . . . . . . .	L 	 00000053 _TEXT	
  get_temppath . . . . . . . . .	L 	 00000078 _TEXT	
  get_winver . . . . . . . . . .	L 	 000000A0 _TEXT	
  output . . . . . . . . . . . .	L 	 000000FB _TEXT	


Symbols:

                N a m e                 Type     Value    Attr

ERROR_SUCCESS  . . . . . . . . .	Number	 00000000h   
ExitProcess  . . . . . . . . . .	L 	 00000000 External
GetComputerNameW . . . . . . . .	L 	 00000000 External
GetTempPathW . . . . . . . . . .	L 	 00000000 External
GetUserNameW . . . . . . . . . .	L 	 00000000 External
MessageBoxW  . . . . . . . . . .	L 	 00000000 External
NULL . . . . . . . . . . . . . .	Number	 00000000h   
RRF_RT_REG_SZ  . . . . . . . . .	Number	 00000002h   
RegGetValueW . . . . . . . . . .	L 	 00000000 External
caption  . . . . . . . . . . . .	Byte	 00000000 _DATA	
compname . . . . . . . . . . . .	Word	 00000846 _DATA	
erComp . . . . . . . . . . . . .	Byte	 0000010A _DATA	
erTemp . . . . . . . . . . . . .	Byte	 0000014E _DATA	
erUser . . . . . . . . . . . . .	Byte	 000000C2 _DATA	
erWinver . . . . . . . . . . . .	Byte	 000001A2 _DATA	
errFlags . . . . . . . . . . . .	DWord	 00000242 _DATA	
error  . . . . . . . . . . . . .	Byte	 000000B4 _DATA	
hKey . . . . . . . . . . . . . .	DWord	 0000023E _DATA	
message  . . . . . . . . . . . .	Byte	 0000002A _DATA	
msg  . . . . . . . . . . . . . .	Word	 00000246 _DATA	
regKey . . . . . . . . . . . . .	Byte	 00000220 _DATA	
regPath  . . . . . . . . . . . .	Byte	 000001E4 _DATA	
szMAX_COMP_NAME  . . . . . . . .	Number	 00000010h   
szMAX_PATH . . . . . . . . . . .	Number	 00000105h   
szREVISION_NUMBER  . . . . . . .	Number	 00000040h   
szULEN . . . . . . . . . . . . .	Number	 00000100h   
temppath . . . . . . . . . . . .	Word	 00000866 _DATA	
username . . . . . . . . . . . .	Word	 00000646 _DATA	
version  . . . . . . . . . . . .	Word	 00000A70 _DATA	
wsprintfW  . . . . . . . . . . .	L 	 00000000 External

	   0 Warnings
	   0 Errors
